-------------------------------------------------------------------------------
Test set: tests.junit.SauceDemoCartTests
-------------------------------------------------------------------------------
Tests run: 1, Failures: 0, Errors: 1, Skipped: 0, Time elapsed: 2.946 s <<< FAILURE! -- in tests.junit.SauceDemoCartTests
tests.junit.SauceDemoCartTests.addItemToCart -- Time elapsed: 2.907 s <<< ERROR!
org.openqa.selenium.SessionNotCreatedException: 
Could not start a new session. Possible causes are invalid address of the remote server or browser start-up failure. 
Host info: host: 'Ahmeds-MacBook-Pro.local', ip: '2001:16a2:fd6d:f400:8984:6cbb:73d:4c2c%en0'
Build info: version: '4.18.1', revision: 'b1d3319b48'
System info: os.name: 'Mac OS X', os.arch: 'x86_64', os.version: '13.6.5', java.version: '21.0.2'
Driver info: org.openqa.selenium.chrome.ChromeDriver
Command: [null, newSession {capabilities=[Capabilities {browserName: chrome, goog:chromeOptions: {args: [], binary: /Applications/Google Chrome..., extensions: []}}]}]
	at org.openqa.selenium.remote.RemoteWebDriver.execute(RemoteWebDriver.java:537)
	at org.openqa.selenium.remote.RemoteWebDriver.startSession(RemoteWebDriver.java:233)
	at org.openqa.selenium.remote.RemoteWebDriver.<init>(RemoteWebDriver.java:162)
	at org.openqa.selenium.chromium.ChromiumDriver.<init>(ChromiumDriver.java:114)
	at org.openqa.selenium.chrome.ChromeDriver.<init>(ChromeDriver.java:89)
	at org.openqa.selenium.chrome.ChromeDriver.<init>(ChromeDriver.java:84)
	at org.openqa.selenium.chrome.ChromeDriver.<init>(ChromeDriver.java:52)
	at tests.junit.SauceDemoCartTests.beforeEach(SauceDemoCartTests.java:40)
	at java.base/java.lang.reflect.Method.invoke(Method.java:580)
	at java.base/java.util.ArrayList.forEach(ArrayList.java:1596)
	at java.base/java.util.ArrayList.forEach(ArrayList.java:1596)
	Suppressed: java.lang.NullPointerException: Cannot invoke "org.openqa.selenium.WebDriver.quit()" because "this.driver" is null
		at tests.junit.SauceDemoCartTests.afterEach(SauceDemoCartTests.java:46)
		... 3 more
Caused by: java.lang.NoSuchMethodError: 'com.google.common.io.ByteSource com.google.common.io.FileBackedOutputStream.asByteSource()'
	at org.openqa.selenium.remote.NewSessionPayload.isW3C(NewSessionPayload.java:328)
	at org.openqa.selenium.remote.NewSessionPayload.<init>(NewSessionPayload.java:82)
	at org.openqa.selenium.remote.NewSessionPayload.create(NewSessionPayload.java:124)
	at org.openqa.selenium.remote.NewSessionPayload.create(NewSessionPayload.java:108)
	at org.openqa.selenium.remote.ProtocolHandshake.createSession(ProtocolHandshake.java:66)
	at org.openqa.selenium.remote.HttpCommandExecutor.execute(HttpCommandExecutor.java:162)
	at org.openqa.selenium.remote.service.DriverCommandExecutor.invokeExecute(DriverCommandExecutor.java:216)
	at org.openqa.selenium.remote.service.DriverCommandExecutor.execute(DriverCommandExecutor.java:174)
	at org.openqa.selenium.remote.RemoteWebDriver.execute(RemoteWebDriver.java:519)
	... 10 more

